[2017-12-11 02:40:36] App Log.INFO: Intento fallido de login Josan [] []
[2017-12-11 02:40:36] App Log.INFO: Intento fallido de login Josan [] []
[2017-12-11 02:40:57] App Log.INFO: Intento fallido de login jose_10tonio@hotmail.com [] []
[2017-12-11 02:41:34] App Log.INFO: Intento fallido de login jose_10tonio@hotmail.com [] []
[2017-12-11 02:41:36] App Log.INFO: Intento fallido de login localhost [] []
[2017-12-11 02:41:41] App Log.INFO: Intento fallido de login jose_10tonio@hotmail.com [] []
[2017-12-11 02:50:46] App Log.INFO: Intento fallido de login localhost [] []
[2017-12-12 16:53:05] App Log.INFO: Intento fallido de login localhost [] []
[2017-12-12 16:53:12] App Log.INFO: Intento fallido de login jose_10tonio@hotmail.com [] []
[2017-12-12 16:53:24] App Log.INFO: Intento fallido de login jose_10tonio@hotmail.com [] []
[2017-12-12 16:53:37] App Log.INFO: Intento fallido de login Josan [] []
[2017-12-12 16:53:52] App Log.INFO: Intento fallido de login jose_10tonio@coldmail.com [] []
[2017-12-15 12:33:40] App Log.INFO: Intento fallido de login gonzalo@gmail.com [] []
[2017-12-15 12:33:50] App Log.INFO: Intento fallido de login gonzalo@gmail.com [] []
[2017-12-15 12:33:50] App Log.INFO: Intento fallido de login gonzalo@gmail.com [] []
[2017-12-19 16:06:25] App Log.INFO: Intento fallido de login usuario@mail.com [] []
[2017-12-19 16:14:49] App Log.INFO: Intento fallido de login localhost [] []
[2017-12-19 16:15:48] App Log.INFO: Intento fallido de login usuario@mail.com [] []
[2017-12-19 16:16:41] App Log.INFO: Intento fallido de login usuario@mail.com [] []
[2017-12-19 16:17:16] App Log.INFO: Intento fallido de login usuario@mail.com [] []
[2017-12-19 16:18:54] App Log.INFO: Intento fallido de login usuario@mail.com [] []
[2017-12-19 16:23:15] App Log.INFO: Intento fallido de login usuario@mail.com [] []
[2017-12-19 16:24:14] App Log.INFO: Intento fallido de login josan [] []
[2017-12-19 16:24:18] App Log.INFO: Intento fallido de login josan [] []
[2017-12-19 16:26:47] App Log.INFO: Intento fallido de login usuario@mail.com [] []
[2017-12-19 16:36:53] App Log.INFO: Intento fallido de login usuario@mail.com [] []
[2017-12-19 16:37:18] App Log.INFO: Intento fallido de login usuario@mail.com [] []
[2017-12-19 16:47:09] App Log.INFO: Intento fallido de login usuario@mail.com [] []
[2017-12-19 17:28:23] App Log.INFO: Intento fallido de login jose_10tonio@hotmail.com [] []
[2017-12-19 17:28:32] App Log.INFO: Intento fallido de login jose_10tonio@hotmail.com [] []
